2021-09-18 04:08:37,328 INFO LOADING MODEL : /Users/han/python-shogi/checkpoint/base/base_pv
2021-09-18 04:08:37,352 INFO LOADING MODEL : /Users/han/python-shogi/checkpoint/best/best_pv_1
2021-09-18 04:14:59,340 INFO LOADING MODEL : /Users/han/python-shogi/checkpoint/base/base_pv
2021-09-18 04:14:59,374 INFO LOADING MODEL : /Users/han/python-shogi/checkpoint/best/best_pv_1
2021-09-18 04:16:44,172 INFO LOADING MODEL : /Users/han/python-shogi/checkpoint/base/base_pv
2021-09-18 04:16:44,208 INFO LOADING MODEL : /Users/han/python-shogi/checkpoint/best/best_pv_1
2021-09-18 04:17:59,236 INFO RETRAIN MODEL : current_player
2021-09-18 04:18:13,039 INFO epoch = 2, iteration = 0, loss_policy = 1.7562749615804416, loss_value = 1.7562749615804416, loss = 1.7562749615804416
2021-09-18 04:18:13,039 INFO END RETRAIN
2021-09-18 04:18:13,040 INFO save checkpoint
2021-09-18 12:39:16,004 INFO LOADING MODEL : /Users/han/python-shogi/checkpoint/base/base_pv
2021-09-18 12:39:16,058 INFO LOADING MODEL : /Users/han/python-shogi/checkpoint/best/best_pv_1
2021-09-18 12:41:22,234 INFO RETRAIN MODEL : current_player
2021-09-18 12:41:51,017 INFO epoch = 0, iteration = 0, loss_policy = 1.9627136170394777, loss_value = 1.9627136170394777, loss = 1.9627136170394777
2021-09-18 12:42:16,117 INFO epoch = 1, iteration = 0, loss_policy = 1.3824241863871654, loss_value = 1.3824241863871654, loss = 1.3824241863871654
2021-09-18 12:42:16,139 INFO END RETRAIN
2021-09-18 12:42:16,141 INFO save checkpoint
2021-09-19 06:05:08,526 INFO LOADING MODEL : /Users/han/python-shogi/checkpoint/best/best_pv_1
2021-09-19 06:05:59,968 INFO LOADING MODEL : /Users/han/python-shogi/checkpoint/best/best_pv_1
2021-09-19 06:07:26,688 INFO RETRAIN MODEL : current_player
2021-09-19 06:08:32,394 INFO LOADING MODEL : /Users/han/python-shogi/checkpoint/best/best_pv_1
2021-09-19 06:09:37,290 INFO RETRAIN MODEL : current_player
2021-09-19 06:09:37,300 INFO END RETRAIN
2021-09-19 06:09:37,302 INFO save checkpoint
2021-09-19 06:10:18,399 INFO LOADING MODEL : /Users/han/python-shogi/checkpoint/best/best_pv_1
2021-09-19 06:13:23,349 INFO RETRAIN MODEL : current_player
2021-09-19 06:13:23,353 INFO END RETRAIN
2021-09-19 06:13:23,354 INFO save checkpoint
2021-09-20 04:33:09,947 INFO LOADING MODEL : /Users/han/python-shogi/checkpoint/best/best_pv_1
2021-09-20 04:33:10,079 INFO LOADING MODEL : /Users/han/python-shogi/checkpoint/best/best_pv_2
2021-09-20 04:34:00,724 INFO RETRAIN MODEL : current_player
