2021-09-17 13:51:37,302 INFO MAKE KIFU PICKLE : ./data/csa/temp
2021-09-17 13:57:42,344 INFO LOADING MEMORY FROM ./data/pickle/csa_1.pickle
2021-09-17 15:02:58,500 INFO LOADING CSA VERSION 1 FROM /Users/han/python-shogi/data/pickle/csa_1.pickle
2021-09-17 15:11:07,592 INFO LOADING CSA VERSION 1 FROM /Users/han/python-shogi/data/pickle/csa_1.pickle
2021-09-17 15:18:14,139 INFO LOADING CSA VERSION 1 FROM /Users/han/python-shogi/data/pickle/csa_1.pickle
2021-09-17 15:20:23,313 INFO LOADING CSA VERSION 1 FROM /Users/han/python-shogi/data/pickle/csa_1.pickle
2021-09-17 15:20:54,014 INFO LOADING CSA VERSION 1 FROM /Users/han/python-shogi/data/pickle/csa_1.pickle
2021-09-17 15:26:35,263 INFO LOADING CSA VERSION 1 FROM /Users/han/python-shogi/data/pickle/csa_1.pickle
2021-09-17 15:32:48,437 INFO LOADING CSA VERSION 1 FROM /Users/han/python-shogi/data/pickle/csa_1.pickle
2021-09-17 15:45:25,911 INFO NUM CSA FILES : 10
2021-09-17 16:38:02,281 INFO NUM CSA FILES : 10
2021-09-17 16:38:04,709 INFO ####################  GET ENOUGH CSA FILES TO RETRAIN ####################
2021-09-17 16:38:07,834 INFO FILTER KIFU MEMORIES : /Users/han/python-shogi/data/csa_current
2021-09-17 16:38:07,864 INFO CLEAN KIFU MEMORIES
2021-09-17 16:38:10,871 INFO MAKE KIFU PICKLE : /Users/han/python-shogi/data/pickle/csa_1
2021-09-17 16:38:13,447 INFO ####################  MAKE KIFU PICKLE : /Users/han/python-shogi/data/pickle/csa_1 ####################
2021-09-17 16:38:30,961 INFO ####################  RETRAINING START ####################
2021-09-17 17:35:52,442 INFO INITIATE MODEL : current_player
2021-09-17 17:35:52,442 INFO INITIATE MODEL : best_player
2021-09-17 17:36:01,787 INFO NUM CSA FILES : 10
2021-09-17 17:36:04,784 INFO ####################  GET ENOUGH CSA FILES TO RETRAIN ####################
2021-09-17 17:36:07,493 INFO FILTER KIFU MEMORIES : /Users/han/python-shogi/data/csa_current
2021-09-17 17:36:07,521 INFO CLEAN KIFU MEMORIES
2021-09-17 17:36:14,756 INFO MAKE KIFU PICKLE : /Users/han/python-shogi/data/pickle/csa_1
2021-09-17 17:36:55,865 INFO RETRAIN MODEL : current_player
2021-09-17 17:37:47,385 INFO INITIATE MODEL : current_player
2021-09-17 17:37:47,386 INFO INITIATE MODEL : best_player
2021-09-17 17:37:47,390 INFO NUM CSA FILES : 10
2021-09-17 17:37:47,391 INFO ####################  GET ENOUGH CSA FILES TO RETRAIN ####################
2021-09-17 17:37:47,391 INFO FILTER KIFU MEMORIES : /Users/han/python-shogi/data/csa_current
2021-09-17 17:37:47,410 INFO CLEAN KIFU MEMORIES
2021-09-17 17:37:47,743 INFO MAKE KIFU PICKLE : /Users/han/python-shogi/data/pickle/csa_1
2021-09-17 17:37:56,853 INFO RETRAIN MODEL : current_player
2021-09-17 17:37:56,944 INFO NUM TRAIN POSITION 515
2021-09-17 17:37:56,944 INFO NUM TEST POSITION 54
2021-09-17 17:37:56,944 INFO ########## START RETRAIN ##########
2021-09-17 17:39:07,829 INFO INITIATE MODEL : current_player
2021-09-17 17:39:07,829 INFO INITIATE MODEL : best_player
2021-09-17 17:39:07,834 INFO NUM CSA FILES : 10
2021-09-17 17:39:07,834 INFO ####################  GET ENOUGH CSA FILES TO RETRAIN ####################
2021-09-17 17:39:07,834 INFO FILTER KIFU MEMORIES : /Users/han/python-shogi/data/csa_current
2021-09-17 17:39:07,854 INFO CLEAN KIFU MEMORIES
2021-09-17 17:39:08,251 INFO MAKE KIFU PICKLE : /Users/han/python-shogi/data/pickle/csa_1
2021-09-17 17:39:15,808 INFO RETRAIN MODEL : current_player
2021-09-17 17:39:15,846 INFO NUM TRAIN POSITION 489
2021-09-17 17:39:15,846 INFO NUM TEST POSITION 80
2021-09-17 17:39:15,846 INFO ########## START RETRAIN ##########
2021-09-17 17:43:53,156 INFO INITIATE MODEL : current_player
2021-09-17 17:43:53,156 INFO INITIATE MODEL : best_player
2021-09-17 17:43:53,160 INFO NUM CSA FILES : 10
2021-09-17 17:43:53,161 INFO ####################  GET ENOUGH CSA FILES TO RETRAIN ####################
2021-09-17 17:43:53,161 INFO FILTER KIFU MEMORIES : /Users/han/python-shogi/data/csa_current
2021-09-17 17:43:53,178 INFO CLEAN KIFU MEMORIES
2021-09-17 17:43:53,486 INFO MAKE KIFU PICKLE : /Users/han/python-shogi/data/pickle/csa_1
2021-09-17 17:44:02,170 INFO RETRAIN MODEL : current_player
2021-09-17 17:44:02,277 INFO NUM TRAIN POSITION 501
2021-09-17 17:44:02,277 INFO NUM TEST POSITION 68
2021-09-17 17:44:02,277 INFO ########## START RETRAIN ##########
2021-09-17 17:48:00,690 INFO INITIATE MODEL : current_player
2021-09-17 17:48:00,691 INFO INITIATE MODEL : best_player
2021-09-17 17:48:00,695 INFO NUM CSA FILES : 10
2021-09-17 17:48:00,695 INFO ####################  GET ENOUGH CSA FILES TO RETRAIN ####################
2021-09-17 17:48:00,696 INFO FILTER KIFU MEMORIES : /Users/han/python-shogi/data/csa_current
2021-09-17 17:48:00,716 INFO CLEAN KIFU MEMORIES
2021-09-17 17:48:01,031 INFO MAKE KIFU PICKLE : /Users/han/python-shogi/data/pickle/csa_1
2021-09-17 17:48:09,799 INFO RETRAIN MODEL : current_player
2021-09-17 17:48:09,918 INFO NUM TRAIN POSITION 516
2021-09-17 17:48:09,918 INFO NUM TEST POSITION 53
2021-09-17 17:48:09,920 INFO ########## START RETRAIN ##########
2021-09-17 17:49:03,778 INFO INITIATE MODEL : current_player
2021-09-17 17:49:03,779 INFO INITIATE MODEL : best_player
2021-09-17 17:49:03,784 INFO NUM CSA FILES : 10
2021-09-17 17:49:03,784 INFO ####################  GET ENOUGH CSA FILES TO RETRAIN ####################
2021-09-17 17:49:03,785 INFO FILTER KIFU MEMORIES : /Users/han/python-shogi/data/csa_current
2021-09-17 17:49:03,802 INFO CLEAN KIFU MEMORIES
2021-09-17 17:49:04,134 INFO MAKE KIFU PICKLE : /Users/han/python-shogi/data/pickle/csa_1
2021-09-17 17:49:11,141 INFO RETRAIN MODEL : current_player
2021-09-17 17:49:11,185 INFO NUM TRAIN POSITION 498
2021-09-17 17:49:11,185 INFO NUM TEST POSITION 71
2021-09-17 17:49:11,185 INFO ########## START RETRAIN ##########
2021-09-17 17:54:20,301 INFO INITIATE MODEL : current_player
2021-09-17 17:54:20,302 INFO INITIATE MODEL : best_player
2021-09-17 17:54:20,306 INFO NUM CSA FILES : 10
2021-09-17 17:54:20,307 INFO ####################  GET ENOUGH CSA FILES TO RETRAIN ####################
2021-09-17 17:54:20,308 INFO FILTER KIFU MEMORIES : /Users/han/python-shogi/data/csa_current
2021-09-17 17:54:20,325 INFO CLEAN KIFU MEMORIES
2021-09-17 17:54:20,649 INFO MAKE KIFU PICKLE : /Users/han/python-shogi/data/pickle/csa_1
2021-09-17 17:54:30,545 INFO RETRAIN MODEL : current_player
2021-09-17 17:54:30,738 INFO NUM TRAIN POSITION 519
2021-09-17 17:54:30,739 INFO NUM TEST POSITION 50
2021-09-17 17:54:30,739 INFO ########## START RETRAIN ##########
2021-09-17 17:56:32,381 INFO INITIATE MODEL : current_player
2021-09-17 17:56:32,381 INFO INITIATE MODEL : best_player
2021-09-17 17:56:32,386 INFO NUM CSA FILES : 10
2021-09-17 17:56:32,386 INFO ####################  GET ENOUGH CSA FILES TO RETRAIN ####################
2021-09-17 17:56:32,387 INFO FILTER KIFU MEMORIES : /Users/han/python-shogi/data/csa_current
2021-09-17 17:56:32,405 INFO CLEAN KIFU MEMORIES
2021-09-17 17:56:32,705 INFO MAKE KIFU PICKLE : /Users/han/python-shogi/data/pickle/csa_1
2021-09-17 17:56:41,914 INFO RETRAIN MODEL : current_player
2021-09-17 17:56:42,016 INFO NUM TRAIN POSITION 480
2021-09-17 17:56:42,016 INFO NUM TEST POSITION 89
2021-09-17 17:56:42,017 INFO ########## START RETRAIN ##########
2021-09-17 17:56:58,173 INFO NUM CSA FILES : 10
2021-09-17 17:56:58,174 INFO ####################  GET ENOUGH CSA FILES TO RETRAIN ####################
2021-09-17 17:56:58,175 INFO FILTER KIFU MEMORIES : /Users/han/python-shogi/data/csa_current
2021-09-17 17:56:58,195 INFO CLEAN KIFU MEMORIES
2021-09-17 17:56:58,497 INFO MAKE KIFU PICKLE : /Users/han/python-shogi/data/pickle/csa_2
2021-09-17 17:56:58,507 INFO RETRAIN MODEL : current_player
2021-09-17 17:56:58,543 INFO NUM TRAIN POSITION 461
2021-09-17 17:56:58,544 INFO NUM TEST POSITION 108
2021-09-17 17:56:58,544 INFO ########## START RETRAIN ##########
2021-09-17 17:57:13,383 INFO NUM CSA FILES : 10
2021-09-17 17:57:13,383 INFO ####################  GET ENOUGH CSA FILES TO RETRAIN ####################
2021-09-17 17:57:13,384 INFO FILTER KIFU MEMORIES : /Users/han/python-shogi/data/csa_current
2021-09-17 17:57:13,398 INFO CLEAN KIFU MEMORIES
2021-09-17 17:57:13,688 INFO MAKE KIFU PICKLE : /Users/han/python-shogi/data/pickle/csa_3
2021-09-17 17:57:13,696 INFO RETRAIN MODEL : current_player
2021-09-17 17:57:13,720 INFO NUM TRAIN POSITION 498
2021-09-17 17:57:13,721 INFO NUM TEST POSITION 71
2021-09-17 17:57:13,721 INFO ########## START RETRAIN ##########
2021-09-17 17:57:30,581 INFO NUM CSA FILES : 10
2021-09-17 17:57:30,582 INFO ####################  GET ENOUGH CSA FILES TO RETRAIN ####################
2021-09-17 17:57:30,584 INFO FILTER KIFU MEMORIES : /Users/han/python-shogi/data/csa_current
2021-09-17 17:57:30,604 INFO CLEAN KIFU MEMORIES
2021-09-17 17:57:30,945 INFO MAKE KIFU PICKLE : /Users/han/python-shogi/data/pickle/csa_4
2021-09-17 17:57:30,956 INFO RETRAIN MODEL : current_player
2021-09-17 17:57:30,998 INFO NUM TRAIN POSITION 487
2021-09-17 17:57:30,998 INFO NUM TEST POSITION 82
2021-09-17 17:57:30,998 INFO ########## START RETRAIN ##########
2021-09-17 17:57:52,753 INFO NUM CSA FILES : 10
2021-09-17 17:57:52,753 INFO ####################  GET ENOUGH CSA FILES TO RETRAIN ####################
2021-09-17 17:57:52,754 INFO FILTER KIFU MEMORIES : /Users/han/python-shogi/data/csa_current
2021-09-17 17:57:52,770 INFO CLEAN KIFU MEMORIES
2021-09-17 17:57:53,188 INFO MAKE KIFU PICKLE : /Users/han/python-shogi/data/pickle/csa_5
2021-09-17 17:57:53,201 INFO RETRAIN MODEL : current_player
2021-09-17 17:57:53,249 INFO NUM TRAIN POSITION 518
2021-09-17 17:57:53,249 INFO NUM TEST POSITION 51
2021-09-17 17:57:53,250 INFO ########## START RETRAIN ##########
2021-09-17 17:58:11,355 INFO NUM CSA FILES : 10
2021-09-17 17:58:11,355 INFO ####################  GET ENOUGH CSA FILES TO RETRAIN ####################
2021-09-17 17:58:11,356 INFO FILTER KIFU MEMORIES : /Users/han/python-shogi/data/csa_current
2021-09-17 17:58:11,389 INFO CLEAN KIFU MEMORIES
2021-09-17 17:58:11,748 INFO MAKE KIFU PICKLE : /Users/han/python-shogi/data/pickle/csa_6
2021-09-17 17:58:11,755 INFO RETRAIN MODEL : current_player
2021-09-17 17:58:11,820 INFO NUM TRAIN POSITION 486
2021-09-17 17:58:11,820 INFO NUM TEST POSITION 83
2021-09-17 17:58:11,820 INFO ########## START RETRAIN ##########
